<?xml version="1.0" encoding="UTF-8"?>
<!-- Generated by org.testng.reporters.JUnitReportReporter -->
<testsuite hostname="DESKTOP-GUHQSEO" failures="0" tests="1" name="RestAPITest.Test1" time="4.102" errors="0" timestamp="2024-07-01T14:58:12 IST" skipped="0">
  <testcase classname="RestAPITest.Test1" name="Test" time="4.102"/>
</testsuite> <!-- RestAPITest.Test1 -->
